1759079969422	geckodriver	INFO	Listening on 127.0.0.1:55389
1759079970278	mozrunner::runner	INFO	Running command: MOZ_CRASHREPORTER="1" MOZ_CRASHREPORTER_NO_REPORT="1" MOZ_CRASHREPORTER_SHUTDOWN="1" "/snap/firefox/current/usr/lib/firefox/firefox" "--marionette" "-no-remote" "-profile" "/tmp/rust_mozprofileAMseD6"
Gtk-Message: 13:19:30.293: Not loading module "atk-bridge": The functionality is provided by GTK natively. Please try to not load it.
console.warn: services.settings: Ignoring preference override of remote settings server
console.warn: services.settings: Allow by setting MOZ_REMOTE_SETTINGS_DEVTOOLS=1 in the environment
1759079970961	Marionette	INFO	Marionette enabled
1759079971158	Marionette	INFO	Listening on port 38051
Read port: 38051
1759079971747	RemoteAgent	WARN	TLS certificate errors will be ignored for this session
JavaScript warning: https://racing.hkjc.com/racing/Info/Scripts/jquery-1.4.1.min.js, line 56: unreachable code after return statement
JavaScript warning: https://racing.hkjc.com/racing/info/GlobalMenu/English/js/global.js, line 1771: unreachable code after return statement
JavaScript warning: https://racing.hkjc.com/racing/Info/Scripts/jquery-1.4.1.min.js, line 56: unreachable code after return statement
JavaScript warning: https://racing.hkjc.com/racing/info/GlobalMenu/English/js/global.js, line 1771: unreachable code after return statement
JavaScript warning: https://racing.hkjc.com/racing/Info/Scripts/jquery-1.4.1.min.js, line 56: unreachable code after return statement
JavaScript warning: https://racing.hkjc.com/racing/info/GlobalMenu/English/js/global.js, line 1771: unreachable code after return statement
JavaScript warning: https://racing.hkjc.com/racing/Info/Scripts/jquery-1.4.1.min.js, line 56: unreachable code after return statement
JavaScript warning: https://racing.hkjc.com/racing/info/GlobalMenu/English/js/global.js, line 1771: unreachable code after return statement
JavaScript warning: https://racing.hkjc.com/racing/info/GlobalMenu/English/js/global.js, line 1771: unreachable code after return statement
JavaScript warning: https://racing.hkjc.com/racing/info/GlobalMenu/English/js/global.js, line 1771: unreachable code after return statement
console.error: [Exception... "Component is not available"  nsresult: "0x80040111 (NS_ERROR_NOT_AVAILABLE)"  location: "<unknown>"  data: no]
console.error: [Exception... "Component is not available"  nsresult: "0x80040111 (NS_ERROR_NOT_AVAILABLE)"  location: "<unknown>"  data: no]
1759081548515	Marionette	INFO	Stopped listening on port 38051
console.error: (new TypeError("NetworkError when attempting to fetch resource.", ""))
console.error: (new Error("OHTTP was configured for https://ads.mozilla.org/v1/delete_user but we couldn't fetch a valid config", "moz-src:///browser/modules/ContextId.sys.mjs", 234))
console.error: "Failed to fetch https://spocs.getpocket.com/user:" "NetworkError when attempting to fetch resource."
console.warn: TopSitesFeed: Failed to fetch data from MARS server: NetworkError when attempting to fetch resource.
JavaScript error: resource://gre/modules/ObliviousHTTP.sys.mjs, line 105: NS_ERROR_XPC_CANT_CONVERT_PRIMITIVE_TO_ARRAY: Cannot convert primitive JavaScript value into an array arg 2 [nsIObliviousHttpService.newChannel]
